#
# There is insufficient memory for the Java Runtime Environment to continue.
# Native memory allocation (malloc) failed to allocate 32744 bytes for ChunkPool::allocate
# Possible reasons:
#   The system is out of physical RAM or swap space
#   The process is running with CompressedOops enabled, and the Java Heap may be blocking the growth of the native heap
# Possible solutions:
#   Reduce memory load on the system
#   Increase physical memory or swap space
#   Check if swap backing store is full
#   Decrease Java heap size (-Xmx/-Xms)
#   Decrease number of Java threads
#   Decrease Java thread stack sizes (-Xss)
#   Set larger code cache with -XX:ReservedCodeCacheSize=
#   JVM is running with Unscaled Compressed Oops mode in which the Java heap is
#     placed in the first 4GB address space. The Java Heap base address is the
#     maximum limit for the native heap growth. Please use -XX:HeapBaseMinAddress
#     to set the Java Heap base and to place the Java Heap above 4GB virtual address.
# This output file may be truncated or incomplete.
#
#  Out of Memory Error (allocation.cpp:272), pid=18408, tid=0x00000000000059d8
#
# JRE version: Java(TM) SE Runtime Environment (8.0_231-b11) (build 1.8.0_231-b11)
# Java VM: Java HotSpot(TM) 64-Bit Server VM (25.231-b11 mixed mode windows-amd64 compressed oops)
# Failed to write core dump. Minidumps are not enabled by default on client versions of Windows
#

---------------  T H R E A D  ---------------

Current thread (0x000000001740d000):  JavaThread "C1 CompilerThread2" daemon [_thread_in_native, id=23000, stack(0x0000000018c50000,0x0000000018d50000)]

Stack: [0x0000000018c50000,0x0000000018d50000]
[error occurred during error reporting (printing stack bounds), id 0xc0000005]

Native frames: (J=compiled Java code, j=interpreted, Vv=VM code, C=native code)


Current CompileTask:
C1:    977  564       3       org.codehaus.plexus.util.xml.pull.MXParser::nextImpl (1202 bytes)


---------------  P R O C E S S  ---------------

Java Threads: ( => current thread )
  0x000000001745d800 JavaThread "Service Thread" daemon [_thread_blocked, id=2424, stack(0x0000000019150000,0x0000000019250000)]
=>0x000000001740d000 JavaThread "C1 CompilerThread2" daemon [_thread_in_native, id=23000, stack(0x0000000018c50000,0x0000000018d50000)]
  0x0000000017409000 JavaThread "C2 CompilerThread1" daemon [_thread_in_native, id=20936, stack(0x0000000018b50000,0x0000000018c50000)]
  0x0000000017401000 JavaThread "C2 CompilerThread0" daemon [_thread_in_native, id=5172, stack(0x0000000018a50000,0x0000000018b50000)]
  0x00000000173ff000 JavaThread "Attach Listener" daemon [_thread_blocked, id=14800, stack(0x0000000018950000,0x0000000018a50000)]
  0x00000000173fe800 JavaThread "Signal Dispatcher" daemon [_thread_blocked, id=18120, stack(0x0000000018850000,0x0000000018950000)]
  0x00000000173ea000 JavaThread "Finalizer" daemon [_thread_blocked, id=18160, stack(0x0000000018650000,0x0000000018750000)]
  0x0000000002884000 JavaThread "Reference Handler" daemon [_thread_blocked, id=4900, stack(0x0000000018550000,0x0000000018650000)]
  0x0000000000a1e800 JavaThread "main" [_thread_in_Java, id=9624, stack(0x0000000002690000,0x0000000002790000)]

Other Threads:
  0x00000000173c7800 VMThread [stack: 0x0000000018450000,0x0000000018550000] [id=21100]
  0x0000000018d95800 WatcherThread [stack: 0x0000000019250000,0x0000000019350000] [id=23804]

VM state:not at safepoint (normal execution)

VM Mutex/Monitor currently owned by a thread: None

heap address: 0x0000000081400000, size: 2028 MB, Compressed Oops mode: 32-bit
Narrow klass base: 0x0000000000000000, Narrow klass shift: 3
Compressed class space size: 1073741824 Address: 0x0000000100000000

Heap:
 PSYoungGen      total 38400K, used 22148K [0x00000000d5c00000, 0x00000000d8680000, 0x0000000100000000)
  eden space 33280K, 66% used [0x00000000d5c00000,0x00000000d71a1198,0x00000000d7c80000)
  from space 5120K, 0% used [0x00000000d8180000,0x00000000d8180000,0x00000000d8680000)
  to   space 5120K, 0% used [0x00000000d7c80000,0x00000000d7c80000,0x00000000d8180000)
 ParOldGen       total 87552K, used 0K [0x0000000081400000, 0x0000000086980000, 0x00000000d5c00000)
  object space 87552K, 0% used [0x0000000081400000,0x0000000081400000,0x0000000086980000)
 Metaspace       used 7578K, capacity 7700K, committed 7936K, reserved 1056768K
  class space    used 917K, capacity 952K, committed 1024K, reserved 1048576K

Card table byte_map: [0x0000000011c50000,0x0000000012050000] byte_map_base: 0x0000000011846000

Marking Bits: (ParMarkBitMap*) 0x000000005c5b6d90
 Begin Bits: [0x0000000012700000, 0x00000000146b0000)
 End Bits:   [0x00000000146b0000, 0x0000000016660000)

Polling page: 0x00000000009d0000

CodeCache: size=245760Kb used=2589Kb max_used=2589Kb free=243170Kb
 bounds [0x0000000002890000, 0x0000000002b20000, 0x0000000011890000]
 total_blobs=858 nmethods=557 adapters=214
 compilation: enabled

Compilation events (10 events):
Event: 0.964 Thread 0x000000001740d000 nmethod 547 0x0000000002b08fd0 code [0x0000000002b09140, 0x0000000002b09308]
Event: 0.964 Thread 0x000000001740d000  549       3       java.nio.CharBuffer::hasArray (20 bytes)
Event: 0.964 Thread 0x000000001740d000 nmethod 549 0x0000000002b17dd0 code [0x0000000002b17f20, 0x0000000002b18110]
Event: 0.964 Thread 0x000000001740d000  550       3       sun.nio.cs.UTF_8$Decoder::decodeLoop (28 bytes)
Event: 0.965 Thread 0x000000001740d000 nmethod 550 0x0000000002b17590 code [0x0000000002b17720, 0x0000000002b17c58]
Event: 0.965 Thread 0x000000001740d000  552   !   3       java.nio.CharBuffer::wrap (20 bytes)
Event: 0.965 Thread 0x000000001740d000 nmethod 552 0x0000000002b16dd0 code [0x0000000002b16f60, 0x0000000002b17318]
Event: 0.965 Thread 0x000000001740d000  553       3       java.nio.HeapCharBuffer::<init> (14 bytes)
Event: 0.965 Thread 0x000000001740d000 nmethod 553 0x0000000002b13850 code [0x0000000002b139c0, 0x0000000002b13c08]
Event: 0.965 Thread 0x000000001740d000  564       3       org.codehaus.plexus.util.xml.pull.MXParser::nextImpl (1202 bytes)

GC Heap History (0 events):
No events

Deoptimization events (1 events):
Event: 0.672 Thread 0x0000000000a1e800 Uncommon trap: reason=unstable_if action=reinterpret pc=0x0000000002a35a64 method=java.lang.String.indexOf([CII[CIII)I @ 3

Classes redefined (0 events):
No events

Internal exceptions (9 events):
Event: 0.048 Thread 0x0000000000a1e800 Exception <a 'java/lang/NoSuchMethodError': Method sun.misc.Unsafe.defineClass(Ljava/lang/String;[BII)Ljava/lang/Class; name or signature does not match> (0x00000000d5c07cb8) thrown at [C:\re\workspace\8-2-build-windows-amd64-cygwin\jdk8u231\13620\hotspot
Event: 0.048 Thread 0x0000000000a1e800 Exception <a 'java/lang/NoSuchMethodError': Method sun.misc.Unsafe.prefetchRead(Ljava/lang/Object;J)V name or signature does not match> (0x00000000d5c07fa0) thrown at [C:\re\workspace\8-2-build-windows-amd64-cygwin\jdk8u231\13620\hotspot\src\share\vm\prim
Event: 0.355 Thread 0x0000000000a1e800 Exception <a 'java/security/PrivilegedActionException'> (0x00000000d6081f60) thrown at [C:\re\workspace\8-2-build-windows-amd64-cygwin\jdk8u231\13620\hotspot\src\share\vm\prims\jvm.cpp, line 1502]
Event: 0.355 Thread 0x0000000000a1e800 Exception <a 'java/security/PrivilegedActionException'> (0x00000000d6082170) thrown at [C:\re\workspace\8-2-build-windows-amd64-cygwin\jdk8u231\13620\hotspot\src\share\vm\prims\jvm.cpp, line 1502]
Event: 0.356 Thread 0x0000000000a1e800 Exception <a 'java/security/PrivilegedActionException'> (0x00000000d6085fc8) thrown at [C:\re\workspace\8-2-build-windows-amd64-cygwin\jdk8u231\13620\hotspot\src\share\vm\prims\jvm.cpp, line 1502]
Event: 0.356 Thread 0x0000000000a1e800 Exception <a 'java/security/PrivilegedActionException'> (0x00000000d60861d8) thrown at [C:\re\workspace\8-2-build-windows-amd64-cygwin\jdk8u231\13620\hotspot\src\share\vm\prims\jvm.cpp, line 1502]
Event: 0.921 Thread 0x0000000000a1e800 Exception <a 'java/lang/ArrayIndexOutOfBoundsException'> (0x00000000d6fdff18) thrown at [C:\re\workspace\8-2-build-windows-amd64-cygwin\jdk8u231\13620\hotspot\src\share\vm\runtime\sharedRuntime.cpp, line 605]
Event: 0.925 Thread 0x0000000000a1e800 Exception <a 'java/lang/ArrayIndexOutOfBoundsException'> (0x00000000d6ffe2f0) thrown at [C:\re\workspace\8-2-build-windows-amd64-cygwin\jdk8u231\13620\hotspot\src\share\vm\runtime\sharedRuntime.cpp, line 605]
Event: 0.935 Thread 0x0000000000a1e800 Exception <a 'java/lang/ArrayIndexOutOfBoundsException'> (0x00000000d7043698) thrown at [C:\re\workspace\8-2-build-windows-amd64-cygwin\jdk8u231\13620\hotspot\src\share\vm\runtime\sharedRuntime.cpp, line 605]

Events (10 events):
Event: 0.965 loading class org/eclipse/sisu/plexus/RequirementImpl
Event: 0.965 loading class org/eclipse/sisu/plexus/RequirementImpl done
Event: 0.966 loading class org/codehaus/plexus/component/annotations/Requirement
Event: 0.966 loading class org/codehaus/plexus/component/annotations/Requirement done
Event: 0.967 loading class org/eclipse/sisu/space/NamedClass
Event: 0.967 loading class org/eclipse/sisu/space/NamedClass done
Event: 0.967 loading class org/eclipse/sisu/space/AbstractDeferredClass
Event: 0.967 loading class org/eclipse/sisu/space/AbstractDeferredClass done
Event: 0.968 loading class org/eclipse/sisu/plexus/Hints
Event: 0.968 loading class org/eclipse/sisu/plexus/Hints done


Dynamic libraries:
0x00007ff7b3f80000 - 0x00007ff7b3fb7000 	C:\Program Files (x86)\Common Files\Oracle\Java\javapath\java.exe
0x00007ffe61360000 - 0x00007ffe61541000 	C:\WINDOWS\SYSTEM32\ntdll.dll
0x00007ffe60e80000 - 0x00007ffe60f31000 	C:\WINDOWS\System32\KERNEL32.DLL
0x00007ffe5e520000 - 0x00007ffe5e793000 	C:\WINDOWS\System32\KERNELBASE.dll
0x00007ffe5ecd0000 - 0x00007ffe5ed71000 	C:\WINDOWS\System32\ADVAPI32.dll
0x00007ffe5e8a0000 - 0x00007ffe5e93e000 	C:\WINDOWS\System32\msvcrt.dll
0x00007ffe60f40000 - 0x00007ffe60f9b000 	C:\WINDOWS\System32\sechost.dll
0x00007ffe5ed80000 - 0x00007ffe5eea4000 	C:\WINDOWS\System32\RPCRT4.dll
0x00007ffe5f040000 - 0x00007ffe5f1d1000 	C:\WINDOWS\System32\USER32.dll
0x00007ffe5ddf0000 - 0x00007ffe5de10000 	C:\WINDOWS\System32\win32u.dll
0x00007ffe5e7a0000 - 0x00007ffe5e7c8000 	C:\WINDOWS\System32\GDI32.dll
0x00007ffe5dad0000 - 0x00007ffe5dc61000 	C:\WINDOWS\System32\gdi32full.dll
0x00007ffe5d6e0000 - 0x00007ffe5d77f000 	C:\WINDOWS\System32\msvcp_win.dll
0x00007ffe5dcf0000 - 0x00007ffe5dde8000 	C:\WINDOWS\System32\ucrtbase.dll
0x00007ffe47d40000 - 0x00007ffe47fa9000 	C:\WINDOWS\WinSxS\amd64_microsoft.windows.common-controls_6595b64144ccf1df_6.0.17134.1184_none_d403e8b37c8ca406\COMCTL32.dll
0x00007ffe5e9a0000 - 0x00007ffe5ecc1000 	C:\WINDOWS\System32\combase.dll
0x00007ffe5dc70000 - 0x00007ffe5dce9000 	C:\WINDOWS\System32\bcryptPrimitives.dll
0x00007ffe5eec0000 - 0x00007ffe5eeed000 	C:\WINDOWS\System32\IMM32.DLL
0x000000005c640000 - 0x000000005c712000 	C:\Program Files\Java\jre1.8.0_231\bin\msvcr100.dll
0x000000005bd90000 - 0x000000005c636000 	C:\Program Files\Java\jre1.8.0_231\bin\server\jvm.dll
0x00007ffe5eeb0000 - 0x00007ffe5eeb8000 	C:\WINDOWS\System32\PSAPI.DLL
0x00007ffe5b490000 - 0x00007ffe5b4b3000 	C:\WINDOWS\SYSTEM32\WINMM.dll
0x00007ffe5c1c0000 - 0x00007ffe5c1c9000 	C:\WINDOWS\SYSTEM32\WSOCK32.dll
0x00007ffe4f4a0000 - 0x00007ffe4f4aa000 	C:\WINDOWS\SYSTEM32\VERSION.dll
0x00007ffe60db0000 - 0x00007ffe60e1c000 	C:\WINDOWS\System32\WS2_32.dll
0x00007ffe5b460000 - 0x00007ffe5b48a000 	C:\WINDOWS\SYSTEM32\WINMMBASE.dll
0x00007ffe5d780000 - 0x00007ffe5d7c9000 	C:\WINDOWS\System32\cfgmgr32.dll
0x00007ffe5b4f0000 - 0x00007ffe5b4ff000 	C:\Program Files\Java\jre1.8.0_231\bin\verify.dll
0x00007ffe435a0000 - 0x00007ffe435c9000 	C:\Program Files\Java\jre1.8.0_231\bin\java.dll
0x00007ffe53ed0000 - 0x00007ffe53ee6000 	C:\Program Files\Java\jre1.8.0_231\bin\zip.dll
0x00007ffe5f960000 - 0x00007ffe60da5000 	C:\WINDOWS\System32\SHELL32.dll
0x00007ffe5eef0000 - 0x00007ffe5ef99000 	C:\WINDOWS\System32\shcore.dll
0x00007ffe5de10000 - 0x00007ffe5e520000 	C:\WINDOWS\System32\windows.storage.dll
0x00007ffe5e940000 - 0x00007ffe5e991000 	C:\WINDOWS\System32\shlwapi.dll
0x00007ffe5d6a0000 - 0x00007ffe5d6b1000 	C:\WINDOWS\System32\kernel.appcore.dll
0x00007ffe5d6c0000 - 0x00007ffe5d6df000 	C:\WINDOWS\System32\profapi.dll
0x00007ffe5d650000 - 0x00007ffe5d69c000 	C:\WINDOWS\System32\powrprof.dll
0x00007ffe5d620000 - 0x00007ffe5d62a000 	C:\WINDOWS\System32\FLTLIB.DLL
0x00007ffe5a530000 - 0x00007ffe5a53a000 	D:\Personal\STEP STUD\Java\Tools\Maven1\apache-maven-3.6.3\lib\jansi-native\windows64\jansi.dll

VM Arguments:
jvm_args: -Dclassworlds.conf=D:\Personal\STEP STUD\Java\Tools\Maven1\apache-maven-3.6.3\bin\..\bin\m2.conf -Dmaven.home=D:\Personal\STEP STUD\Java\Tools\Maven1\apache-maven-3.6.3\bin\.. -Dlibrary.jansi.path=D:\Personal\STEP STUD\Java\Tools\Maven1\apache-maven-3.6.3\bin\..\lib\jansi-native -Dmaven.multiModuleProjectDirectory=D:\Personal\STEP STUD\Java\NetBeans\EmployeeFrameMaven 
java_command: org.codehaus.plexus.classworlds.launcher.Launcher install
java_class_path (initial): D:\Personal\STEP STUD\Java\Tools\Maven1\apache-maven-3.6.3\bin\..\boot\plexus-classworlds-2.6.0.jar
Launcher Type: SUN_STANDARD

Environment Variables:
PATH=C:\Program Files (x86)\Common Files\Oracle\Java\javapath;C:\WINDOWS\system32;C:\WINDOWS;C:\WINDOWS\System32\Wbem;C:\WINDOWS\System32\WindowsPowerShell\v1.0\;C:\Program Files (x86)\Windows Live\Shared;C:\WINDOWS\System32\OpenSSH\;C:\Program Files\dotnet\;C:\Program Files\Microsoft SQL Server\130\Tools\Binn\;C:\Program Files\Microsoft SQL Server\Client SDK\ODBC\130\Tools\Binn\;C:\Program Files (x86)\Microsoft SQL Server\140\Tools\Binn\;C:\Program Files\Microsoft SQL Server\140\Tools\Binn\;C:\Program Files\Microsoft SQL Server\140\DTS\Binn\;C:\Program Files (x86)\Microsoft SQL Server\Client SDK\ODBC\130\Tools\Binn\;C:\Program Files (x86)\Microsoft SQL Server\140\DTS\Binn\;C:\Program Files (x86)\Microsoft SQL Server\140\Tools\Binn\ManagementStudio\;C:\Program Files\SafeNet\Authentication\SAC\x64;C:\Program Files\SafeNet\Authentication\SAC\x32;C:\Program Files (x86)\Brackets\command;C:\Program Files\nodejs\;C:\Program Files\Java\jdk-12.0.1\bin;D:\Personal\STEP STUD\Java\Git\cmd;D:\Personal\STEP STUD\Java\Tools\Maven\apache-maven-3.6.3;D:\Personal\STEP STUD\Java\Tools\Maven1\apache-maven-3.6.3\bin;C:\Users\Александр\AppData\Local\Microsoft\WindowsApps;C:\Users\Александр\AppData\Roaming\npm;C:\Program Files\Java\jdk-12.0.1\bin;
USERNAME=Александр
OS=Windows_NT
PROCESSOR_IDENTIFIER=Intel64 Family 6 Model 78 Stepping 3, GenuineIntel



---------------  S Y S T E M  ---------------

OS: Windows 10.0 , 64 bit Build 17134 (10.0.17134.753)

CPU:total 4 (initial active 4) (2 cores per cpu, 2 threads per core) family 6 model 78 stepping 3, cmov, cx8, fxsr, mmx, sse, sse2, sse3, ssse3, sse4.1, sse4.2, popcnt, avx, avx2, aes, clmul, erms, 3dnowpref, lzcnt, ht, tsc, tscinvbit, bmi1, bmi2, adx

Memory: 4k page, physical 8299520k(760516k free), swap 8299520k(2036k free)

vm_info: Java HotSpot(TM) 64-Bit Server VM (25.231-b11) for windows-amd64 JRE (1.8.0_231-b11), built on Oct  5 2019 03:11:30 by "java_re" with MS VC++ 10.0 (VS2010)

time: Mon Jan 13 15:31:17 2020
timezone: Греция, Турция (зима)
elapsed time: 0 seconds (0d 0h 0m 0s)

