#
# There is insufficient memory for the Java Runtime Environment to continue.
# Native memory allocation (malloc) failed to allocate 1048576 bytes for AllocateHeap
# Possible reasons:
#   The system is out of physical RAM or swap space
#   The process is running with CompressedOops enabled, and the Java Heap may be blocking the growth of the native heap
# Possible solutions:
#   Reduce memory load on the system
#   Increase physical memory or swap space
#   Check if swap backing store is full
#   Decrease Java heap size (-Xmx/-Xms)
#   Decrease number of Java threads
#   Decrease Java thread stack sizes (-Xss)
#   Set larger code cache with -XX:ReservedCodeCacheSize=
#   JVM is running with Unscaled Compressed Oops mode in which the Java heap is
#     placed in the first 4GB address space. The Java Heap base address is the
#     maximum limit for the native heap growth. Please use -XX:HeapBaseMinAddress
#     to set the Java Heap base and to place the Java Heap above 4GB virtual address.
# This output file may be truncated or incomplete.
#
#  Out of Memory Error (memory/allocation.inline.hpp:61), pid=16504, tid=0x00000000000037bc
#
# JRE version:  (8.0_231-b11) (build )
# Java VM: Java HotSpot(TM) 64-Bit Server VM (25.231-b11 mixed mode windows-amd64 compressed oops)
# Failed to write core dump. Minidumps are not enabled by default on client versions of Windows
#

---------------  T H R E A D  ---------------

Current thread (0x0000000002d82800):  JavaThread "Unknown thread" [_thread_in_vm, id=14268, stack(0x0000000002c20000,0x0000000002d20000)]

Stack: [0x0000000002c20000,0x0000000002d20000]
[error occurred during error reporting (printing stack bounds), id 0xc0000005]

Native frames: (J=compiled Java code, j=interpreted, Vv=VM code, C=native code)


---------------  P R O C E S S  ---------------

Java Threads: ( => current thread )

Other Threads:

=>0x0000000002d82800 (exited) JavaThread "Unknown thread" [_thread_in_vm, id=14268, stack(0x0000000002c20000,0x0000000002d20000)]

VM state:not at safepoint (normal execution)

VM Mutex/Monitor currently owned by a thread: None

heap address: 0x0000000081400000, size: 2028 MB, Compressed Oops mode: 32-bit
Narrow klass base: 0x0000000000000000, Narrow klass shift: 3
Compressed class space size: 1073741824 Address: 0x0000000100000000

Heap:
 PSYoungGen      total 38400K, used 665K [0x00000000d5c00000, 0x00000000d8680000, 0x0000000100000000)
  eden space 33280K, 2% used [0x00000000d5c00000,0x00000000d5ca6670,0x00000000d7c80000)
  from space 5120K, 0% used [0x00000000d8180000,0x00000000d8180000,0x00000000d8680000)
  to   space 5120K, 0% used [0x00000000d7c80000,0x00000000d7c80000,0x00000000d8180000)
 ParOldGen       total 87552K, used 0K [0x0000000081400000, 0x0000000086980000, 0x00000000d5c00000)
  object space 87552K, 0% used [0x0000000081400000,0x0000000081400000,0x0000000086980000)
 Metaspace       used 776K, capacity 4480K, committed 4480K, reserved 1056768K
  class space    used 76K, capacity 384K, committed 384K, reserved 1048576K

Card table byte_map: [0x0000000012240000,0x0000000012640000] byte_map_base: 0x0000000011e36000

Marking Bits: (ParMarkBitMap*) 0x0000000053876d90
 Begin Bits: [0x0000000012cf0000, 0x0000000014ca0000)
 End Bits:   [0x0000000014ca0000, 0x0000000016c50000)

Polling page: 0x0000000001160000

CodeCache: size=245760Kb used=328Kb max_used=328Kb free=245431Kb
 bounds [0x0000000002e80000, 0x00000000030f0000, 0x0000000011e80000]
 total_blobs=58 nmethods=0 adapters=38
 compilation: enabled

Compilation events (0 events):
No events

GC Heap History (0 events):
No events

Deoptimization events (0 events):
No events

Classes redefined (0 events):
No events

Internal exceptions (0 events):
No events

Events (10 events):
Event: 0.035 loading class java/lang/Short
Event: 0.035 loading class java/lang/Short done
Event: 0.035 loading class java/lang/Integer
Event: 0.036 loading class java/lang/Integer done
Event: 0.036 loading class java/lang/Long
Event: 0.036 loading class java/lang/Long done
Event: 0.037 loading class java/lang/NullPointerException
Event: 0.037 loading class java/lang/NullPointerException done
Event: 0.037 loading class java/lang/ArithmeticException
Event: 0.037 loading class java/lang/ArithmeticException done


Dynamic libraries:
0x00007ff628160000 - 0x00007ff628197000 	C:\Program Files\Java\jdk1.8.0_231\bin\java.exe
0x00007ff8a14c0000 - 0x00007ff8a16a1000 	C:\WINDOWS\SYSTEM32\ntdll.dll
0x00007ff8a0fa0000 - 0x00007ff8a1051000 	C:\WINDOWS\System32\KERNEL32.DLL
0x00007ff89e690000 - 0x00007ff89e903000 	C:\WINDOWS\System32\KERNELBASE.dll
0x00007ff8a12a0000 - 0x00007ff8a1341000 	C:\WINDOWS\System32\ADVAPI32.dll
0x00007ff8a1350000 - 0x00007ff8a13ee000 	C:\WINDOWS\System32\msvcrt.dll
0x00007ff8a1400000 - 0x00007ff8a145b000 	C:\WINDOWS\System32\sechost.dll
0x00007ff8a1170000 - 0x00007ff8a1294000 	C:\WINDOWS\System32\RPCRT4.dll
0x00007ff89f610000 - 0x00007ff89f7a0000 	C:\WINDOWS\System32\USER32.dll
0x00007ff89e620000 - 0x00007ff89e640000 	C:\WINDOWS\System32\win32u.dll
0x00007ff89f160000 - 0x00007ff89f188000 	C:\WINDOWS\System32\GDI32.dll
0x00007ff89e420000 - 0x00007ff89e5b1000 	C:\WINDOWS\System32\gdi32full.dll
0x00007ff89da80000 - 0x00007ff89db1f000 	C:\WINDOWS\System32\msvcp_win.dll
0x00007ff89d900000 - 0x00007ff89d9f8000 	C:\WINDOWS\System32\ucrtbase.dll
0x00007ff887d00000 - 0x00007ff887f69000 	C:\WINDOWS\WinSxS\amd64_microsoft.windows.common-controls_6595b64144ccf1df_6.0.17134.1246_none_d3ffb9d77c90723d\COMCTL32.dll
0x00007ff89f2e0000 - 0x00007ff89f601000 	C:\WINDOWS\System32\combase.dll
0x00007ff89da00000 - 0x00007ff89da79000 	C:\WINDOWS\System32\bcryptPrimitives.dll
0x00007ff89f2b0000 - 0x00007ff89f2dd000 	C:\WINDOWS\System32\IMM32.DLL
0x00000000556c0000 - 0x0000000055792000 	C:\Program Files\Java\jdk1.8.0_231\jre\bin\msvcr100.dll
0x0000000053050000 - 0x00000000538f6000 	C:\Program Files\Java\jdk1.8.0_231\jre\bin\server\jvm.dll
0x00007ff89f190000 - 0x00007ff89f198000 	C:\WINDOWS\System32\PSAPI.DLL
0x00007ff890cc0000 - 0x00007ff890ce3000 	C:\WINDOWS\SYSTEM32\WINMM.dll
0x00007ff8952c0000 - 0x00007ff8952ca000 	C:\WINDOWS\SYSTEM32\VERSION.dll
0x00007ff890c90000 - 0x00007ff890cba000 	C:\WINDOWS\SYSTEM32\WINMMBASE.dll
0x00007ff89e640000 - 0x00007ff89e689000 	C:\WINDOWS\System32\cfgmgr32.dll
0x00007ff89c330000 - 0x00007ff89c339000 	C:\WINDOWS\SYSTEM32\WSOCK32.dll
0x00007ff89fa80000 - 0x00007ff89faec000 	C:\WINDOWS\System32\WS2_32.dll
0x00007ff896740000 - 0x00007ff89674f000 	C:\Program Files\Java\jdk1.8.0_231\jre\bin\verify.dll
0x00007ff890940000 - 0x00007ff890969000 	C:\Program Files\Java\jdk1.8.0_231\jre\bin\java.dll
0x00007ff88f6b0000 - 0x00007ff88f6c6000 	C:\Program Files\Java\jdk1.8.0_231\jre\bin\zip.dll

VM Arguments:
java_command: com.mycompany.employeeframemaven.EmployeeJFrameMaven
java_class_path (initial): D:\Personal\STEP STUD\Java\NetBeans\EmployeeFrameMaven\target\classes;C:\Users\Александр\.m2\repository\com\googlecode\json-simple\json-simple\1.1.1\json-simple-1.1.1.jar;C:\Users\Александр\.m2\repository\junit\junit\4.10\junit-4.10.jar;C:\Users\Александр\.m2\repository\org\hamcrest\hamcrest-core\1.1\hamcrest-core-1.1.jar;C:\Users\Александр\.m2\repository\org\postgresql\postgresql\42.2.9\postgresql-42.2.9.jar
Launcher Type: SUN_STANDARD

Environment Variables:
JAVA_HOME=C:\Program Files\Java\jdk1.8.0_231
PATH=C:\Program Files (x86)\Common Files\Oracle\Java\javapath;C:\WINDOWS\system32;C:\WINDOWS;C:\WINDOWS\System32\Wbem;C:\WINDOWS\System32\WindowsPowerShell\v1.0\;C:\Program Files (x86)\Windows Live\Shared;C:\WINDOWS\System32\OpenSSH\;C:\Program Files\dotnet\;C:\Program Files\Microsoft SQL Server\130\Tools\Binn\;C:\Program Files\Microsoft SQL Server\Client SDK\ODBC\130\Tools\Binn\;C:\Program Files (x86)\Microsoft SQL Server\140\Tools\Binn\;C:\Program Files\Microsoft SQL Server\140\Tools\Binn\;C:\Program Files\Microsoft SQL Server\140\DTS\Binn\;C:\Program Files (x86)\Microsoft SQL Server\Client SDK\ODBC\130\Tools\Binn\;C:\Program Files (x86)\Microsoft SQL Server\140\DTS\Binn\;C:\Program Files (x86)\Microsoft SQL Server\140\Tools\Binn\ManagementStudio\;C:\Program Files\SafeNet\Authentication\SAC\x64;C:\Program Files\SafeNet\Authentication\SAC\x32;C:\Program Files (x86)\Brackets\command;C:\Program Files\nodejs\;C:\Program Files\Java\jdk-12.0.1\bin;D:\Personal\STEP STUD\Java\Git\cmd;D:\Personal\STEP STUD\Java\Tools\Maven\apache-maven-3.6.3;D:\Personal\STEP STUD\Java\Tools\Maven1\apache-maven-3.6.3\bin;C:\Users\Александр\AppData\Local\Microsoft\WindowsApps;C:\Users\Александр\AppData\Roaming\npm;C:\Program Files\Java\jdk-12.0.1\bin;
USERNAME=Александр
OS=Windows_NT
PROCESSOR_IDENTIFIER=Intel64 Family 6 Model 78 Stepping 3, GenuineIntel



---------------  S Y S T E M  ---------------

OS: Windows 10.0 , 64 bit Build 17134 (10.0.17134.753)

CPU:total 4 (initial active 4) (2 cores per cpu, 2 threads per core) family 6 model 78 stepping 3, cmov, cx8, fxsr, mmx, sse, sse2, sse3, ssse3, sse4.1, sse4.2, popcnt, avx, avx2, aes, clmul, erms, 3dnowpref, lzcnt, ht, tsc, tscinvbit, bmi1, bmi2, adx

Memory: 4k page, physical 8299520k(1879988k free), swap 8299520k(5852k free)

vm_info: Java HotSpot(TM) 64-Bit Server VM (25.231-b11) for windows-amd64 JRE (1.8.0_231-b11), built on Oct  5 2019 03:11:30 by "java_re" with MS VC++ 10.0 (VS2010)

time: Fri Jan 24 19:27:08 2020
timezone: Греция, Турция (зима)
elapsed time: 0 seconds (0d 0h 0m 0s)

